<?xml version="1.0" encoding="UTF-8"?>
<testsuite xmlns:xsi="http://www.w3.org/2001/XMLSchema-instance" xsi:noNamespaceSchemaLocation="https://maven.apache.org/surefire/maven-surefire-plugin/xsd/surefire-test-report-3.0.xsd" version="3.0" name="TestSuite" time="12.58" tests="1" errors="0" skipped="0" failures="1">
  <properties>
[...]
</properties>
  <testcase name="Registerwithvalidetails" classname="velvetresidences.TestCases.TC_Register_001" time="4.314">
    <failure message="element click intercepted: Element &lt;a href=&quot;#sign-in-dialog&quot; class=&quot;sign-in popup-with-zoom-anim&quot;&gt;...&lt;/a&gt; is not clickable at point (912, 54). Other element would receive the click: &lt;div class=&quot;mfp-content&quot;&gt;...&lt;/div&gt;&#10;  (Session info: chrome=128.0.6613.115)&#10;Build info: version: &apos;4.24.0&apos;, revision: &apos;748ffc9bc3&apos;&#10;System info: os.name: &apos;Windows 11&apos;, os.arch: &apos;amd64&apos;, os.version: &apos;10.0&apos;, java.version: &apos;22.0.2&apos;&#10;Driver info: org.openqa.selenium.chrome.ChromeDriver&#10;Command: [ce279f98a3bd38deb0ee7c3b217afada, clickElement {id=f.9C7F84825C6CC9AC45B86034D0FDED14.d.DE8CB026219708F67EC0454E1E97B6A6.e.42}]&#10;Capabilities {acceptInsecureCerts: false, browserName: chrome, browserVersion: 128.0.6613.115, chrome: {chromedriverVersion: 128.0.6613.119 (6e439cfca4d..., userDataDir: C:\Users\MVS-DE~1\AppData\L...}, fedcm:accounts: true, goog:chromeOptions: {debuggerAddress: localhost:52650}, networkConnectionEnabled: false, pageLoadStrategy: normal, platformName: windows, proxy: Proxy(), se:cdp: ws://localhost:52650/devtoo..., se:cdpVersion: 128.0.6613.115, setWindowRect: true, strictFileInteractability: false, timeouts: {implicit: 0, pageLoad: 300000, script: 30000}, unhandledPromptBehavior: dismiss and notify, webauthn:extension:credBlob: true, webauthn:extension:largeBlob: true, webauthn:extension:minPinLength: true, webauthn:extension:prf: true, webauthn:virtualAuthenticators: true}&#10;Element: [[ChromeDriver: chrome on windows (ce279f98a3bd38deb0ee7c3b217afada)] -&gt; xpath: //a[@class=&apos;sign-in popup-with-zoom-anim&apos;]]&#10;Session ID: ce279f98a3bd38deb0ee7c3b217afada" type="org.openqa.selenium.ElementClickInterceptedException"><![CDATA[org.openqa.selenium.ElementClickInterceptedException: 
element click intercepted: Element <a href="#sign-in-dialog" class="sign-in popup-with-zoom-anim">...</a> is not clickable at point (912, 54). Other element would receive the click: <div class="mfp-content">...</div>
  (Session info: chrome=128.0.6613.115)
Build info: version: '4.24.0', revision: '748ffc9bc3'
System info: os.name: 'Windows 11', os.arch: 'amd64', os.version: '10.0', java.version: '22.0.2'
Driver info: org.openqa.selenium.chrome.ChromeDriver
Command: [ce279f98a3bd38deb0ee7c3b217afada, clickElement {id=f.9C7F84825C6CC9AC45B86034D0FDED14.d.DE8CB026219708F67EC0454E1E97B6A6.e.42}]
Capabilities {acceptInsecureCerts: false, browserName: chrome, browserVersion: 128.0.6613.115, chrome: {chromedriverVersion: 128.0.6613.119 (6e439cfca4d..., userDataDir: C:\Users\MVS-DE~1\AppData\L...}, fedcm:accounts: true, goog:chromeOptions: {debuggerAddress: localhost:52650}, networkConnectionEnabled: false, pageLoadStrategy: normal, platformName: windows, proxy: Proxy(), se:cdp: ws://localhost:52650/devtoo..., se:cdpVersion: 128.0.6613.115, setWindowRect: true, strictFileInteractability: false, timeouts: {implicit: 0, pageLoad: 300000, script: 30000}, unhandledPromptBehavior: dismiss and notify, webauthn:extension:credBlob: true, webauthn:extension:largeBlob: true, webauthn:extension:minPinLength: true, webauthn:extension:prf: true, webauthn:virtualAuthenticators: true}
Element: [[ChromeDriver: chrome on windows (ce279f98a3bd38deb0ee7c3b217afada)] -> xpath: //a[@class='sign-in popup-with-zoom-anim']]
Session ID: ce279f98a3bd38deb0ee7c3b217afada
	at velvetresidences.TestCases.TC_Register_001.Registerwithvalidetails(TC_Register_001.java:19)
]]></failure>
    <system-err><![CDATA[SLF4J: Failed to load class "org.slf4j.impl.StaticLoggerBinder".
SLF4J: Defaulting to no-operation (NOP) logger implementation
SLF4J: See http://www.slf4j.org/codes.html#StaticLoggerBinder for further details.
]]></system-err>
  </testcase>
</testsuite>